[INFO] Scanning for projects...
[INFO] 
[INFO] -----------------< com.ogame:ogame-automation-backend >-----------------
[INFO] Building OGame Automation Backend 1.0.0
[INFO]   from pom.xml
[INFO] --------------------------------[ jar ]---------------------------------
[INFO] 
[INFO] >>> spring-boot:3.3.0:run (default-cli) > test-compile @ ogame-automation-backend >>>
[INFO] 
[INFO] --- resources:3.3.1:resources (default-resources) @ ogame-automation-backend ---
[INFO] Copying 2 resources from src/main/resources to target/classes
[INFO] Copying 1 resource from src/main/resources to target/classes
[INFO] 
[INFO] --- compiler:3.13.0:compile (default-compile) @ ogame-automation-backend ---
[INFO] Recompiling the module because of changed source code.
[INFO] Compiling 18 source files with javac [debug parameters release 17] to target/classes
[INFO] 
[INFO] --- resources:3.3.1:testResources (default-testResources) @ ogame-automation-backend ---
[INFO] skip non existing resourceDirectory /Users/pedro/ogame-automation/backend/src/test/resources
[INFO] 
[INFO] --- compiler:3.13.0:testCompile (default-testCompile) @ ogame-automation-backend ---
[INFO] No sources to compile
[INFO] 
[INFO] <<< spring-boot:3.3.0:run (default-cli) < test-compile @ ogame-automation-backend <<<
[INFO] 
[INFO] 
[INFO] --- spring-boot:3.3.0:run (default-cli) @ ogame-automation-backend ---
[INFO] Attaching agents: []
  .   ____          _            __ _ _
 /\\ / ___'_ __ _ _(_)_ __  __ _ \ \ \ \
( ( )\___ | '_ | '_| | '_ \/ _` | \ \ \ \
 \\/  ___)| |_)| | | | | || (_| |  ) ) ) )
  '  |____| .__|_| |_|_| |_\__, | / / / /
 =========|_|==============|___/=/_/_/_/

 :: Spring Boot ::                (v3.3.0)

2025-06-28T11:45:33.113+02:00  INFO 8156 --- [           main] c.o.a.OGameAutomationApplication         : Starting OGameAutomationApplication using Java 17.0.15 with PID 8156 (/Users/pedro/ogame-automation/backend/target/classes started by pedro in /Users/pedro/ogame-automation/backend)
2025-06-28T11:45:33.115+02:00 DEBUG 8156 --- [           main] c.o.a.OGameAutomationApplication         : Running with Spring Boot v3.3.0, Spring v6.1.8
2025-06-28T11:45:33.115+02:00  INFO 8156 --- [           main] c.o.a.OGameAutomationApplication         : No active profile set, falling back to 1 default profile: "default"
2025-06-28T11:45:33.528+02:00  INFO 8156 --- [           main] .s.d.r.c.RepositoryConfigurationDelegate : Bootstrapping Spring Data JPA repositories in DEFAULT mode.
2025-06-28T11:45:33.563+02:00  INFO 8156 --- [           main] .s.d.r.c.RepositoryConfigurationDelegate : Finished Spring Data repository scanning in 30 ms. Found 5 JPA repository interfaces.
2025-06-28T11:45:33.909+02:00  INFO 8156 --- [           main] o.s.b.w.embedded.tomcat.TomcatWebServer  : Tomcat initialized with port 8080 (http)
2025-06-28T11:45:33.915+02:00  INFO 8156 --- [           main] o.apache.catalina.core.StandardService   : Starting service [Tomcat]
2025-06-28T11:45:33.916+02:00  INFO 8156 --- [           main] o.apache.catalina.core.StandardEngine    : Starting Servlet engine: [Apache Tomcat/10.1.24]
2025-06-28T11:45:33.951+02:00  INFO 8156 --- [           main] o.a.c.c.C.[Tomcat].[localhost].[/]       : Initializing Spring embedded WebApplicationContext
2025-06-28T11:45:33.952+02:00  INFO 8156 --- [           main] w.s.c.ServletWebServerApplicationContext : Root WebApplicationContext: initialization completed in 814 ms
2025-06-28T11:45:33.982+02:00 DEBUG 8156 --- [           main] c.o.a.auth.JwtAuthenticationFilter       : Filter 'jwtAuthenticationFilter' configured for use
2025-06-28T11:45:34.037+02:00  INFO 8156 --- [           main] o.hibernate.jpa.internal.util.LogHelper  : HHH000204: Processing PersistenceUnitInfo [name: default]
2025-06-28T11:45:34.066+02:00  INFO 8156 --- [           main] org.hibernate.Version                    : HHH000412: Hibernate ORM core version 6.5.2.Final
2025-06-28T11:45:34.084+02:00  INFO 8156 --- [           main] o.h.c.internal.RegionFactoryInitiator    : HHH000026: Second-level cache disabled
2025-06-28T11:45:34.240+02:00  INFO 8156 --- [           main] o.s.o.j.p.SpringPersistenceUnitInfo      : No LoadTimeWeaver setup: ignoring JPA class transformer
2025-06-28T11:45:34.254+02:00  INFO 8156 --- [           main] com.zaxxer.hikari.HikariDataSource       : HikariPool-1 - Starting...
2025-06-28T11:45:34.324+02:00  INFO 8156 --- [           main] com.zaxxer.hikari.pool.HikariPool        : HikariPool-1 - Added connection org.mariadb.jdbc.Connection@cf10c92
2025-06-28T11:45:34.326+02:00  INFO 8156 --- [           main] com.zaxxer.hikari.HikariDataSource       : HikariPool-1 - Start completed.
2025-06-28T11:45:34.343+02:00  WARN 8156 --- [           main] org.hibernate.dialect.Dialect            : HHH000511: The 10.3.32 version for [org.hibernate.dialect.MariaDBDialect] is no longer supported, hence certain features may not work properly. The minimum supported version is 10.4.0. Check the community dialects project for available legacy versions.
2025-06-28T11:45:34.346+02:00  WARN 8156 --- [           main] org.hibernate.orm.deprecation            : HHH90000025: MariaDBDialect does not need to be specified explicitly using 'hibernate.dialect' (remove the property setting and it will be selected by default)
2025-06-28T11:45:34.939+02:00  INFO 8156 --- [           main] o.h.e.t.j.p.i.JtaPlatformInitiator       : HHH000489: No JTA platform available (set 'hibernate.transaction.jta.platform' to enable JTA platform integration)
2025-06-28T11:45:35.016+02:00  INFO 8156 --- [           main] j.LocalContainerEntityManagerFactoryBean : Initialized JPA EntityManagerFactory for persistence unit 'default'
2025-06-28T11:45:35.180+02:00  INFO 8156 --- [           main] o.s.d.j.r.query.QueryEnhancerFactory     : Hibernate is in classpath; If applicable, HQL parser will be used.
2025-06-28T11:45:35.547+02:00  WARN 8156 --- [           main] JpaBaseConfiguration$JpaWebConfiguration : spring.jpa.open-in-view is enabled by default. Therefore, database queries may be performed during view rendering. Explicitly configure spring.jpa.open-in-view to disable this warning
2025-06-28T11:45:35.557+02:00  WARN 8156 --- [           main] .s.s.UserDetailsServiceAutoConfiguration : 

Using generated security password: 79228cf9-7cda-411c-9b22-b5cadc9a6ca8

This generated password is for development use only. Your security configuration must be updated before running your application in production.

2025-06-28T11:45:35.561+02:00  INFO 8156 --- [           main] r$InitializeUserDetailsManagerConfigurer : Global AuthenticationManager configured with UserDetailsService bean with name inMemoryUserDetailsManager
2025-06-28T11:45:35.700+02:00  INFO 8156 --- [           main] o.s.s.web.DefaultSecurityFilterChain     : Will secure any request with [org.springframework.security.web.session.DisableEncodeUrlFilter@3e4aabde, org.springframework.security.web.context.request.async.WebAsyncManagerIntegrationFilter@70eb0c59, org.springframework.security.web.context.SecurityContextHolderFilter@287cd9b2, org.springframework.security.web.header.HeaderWriterFilter@3862381d, org.springframework.web.filter.CorsFilter@78cb15b9, org.springframework.security.web.authentication.logout.LogoutFilter@76b96594, com.ogame.automation.auth.JwtAuthenticationFilter@3a1f2a1, org.springframework.security.web.savedrequest.RequestCacheAwareFilter@73703970, org.springframework.security.web.servletapi.SecurityContextHolderAwareRequestFilter@f56c2a0, org.springframework.security.web.authentication.AnonymousAuthenticationFilter@3f77cd24, org.springframework.security.web.session.SessionManagementFilter@1bff5ad0, org.springframework.security.web.access.ExceptionTranslationFilter@1844e563, org.springframework.security.web.access.intercept.AuthorizationFilter@74d74701]
2025-06-28T11:45:35.862+02:00  INFO 8156 --- [           main] o.s.b.w.embedded.tomcat.TomcatWebServer  : Tomcat started on port 8080 (http) with context path '/'
2025-06-28T11:45:35.870+02:00  INFO 8156 --- [           main] c.o.a.OGameAutomationApplication         : Started OGameAutomationApplication in 2.975 seconds (process running for 3.191)
2025-06-28T11:45:53.511+02:00  INFO 8156 --- [nio-8080-exec-1] o.a.c.c.C.[Tomcat].[localhost].[/]       : Initializing Spring DispatcherServlet 'dispatcherServlet'
2025-06-28T11:45:53.511+02:00  INFO 8156 --- [nio-8080-exec-1] o.s.web.servlet.DispatcherServlet        : Initializing Servlet 'dispatcherServlet'
2025-06-28T11:45:53.512+02:00  INFO 8156 --- [nio-8080-exec-1] o.s.web.servlet.DispatcherServlet        : Completed initialization in 1 ms
2025-06-28T11:45:53.521+02:00 DEBUG 8156 --- [nio-8080-exec-1] o.s.security.web.FilterChainProxy        : Securing POST /api/auth/login
2025-06-28T11:45:53.525+02:00 DEBUG 8156 --- [nio-8080-exec-1] o.s.s.w.a.AnonymousAuthenticationFilter  : Set SecurityContextHolder to anonymous SecurityContext
2025-06-28T11:45:53.525+02:00 DEBUG 8156 --- [nio-8080-exec-1] o.s.security.web.FilterChainProxy        : Secured POST /api/auth/login
2025-06-28T11:45:53.829+02:00 DEBUG 8156 --- [nio-8080-exec-3] o.s.security.web.FilterChainProxy        : Securing GET /api/tasks
2025-06-28T11:45:53.842+02:00 DEBUG 8156 --- [nio-8080-exec-3] o.s.security.web.FilterChainProxy        : Secured GET /api/tasks
2025-06-28T11:45:53.954+02:00  WARN 8156 --- [nio-8080-exec-3] .w.s.m.s.DefaultHandlerExceptionResolver : Ignoring exception, response committed already: org.springframework.http.converter.HttpMessageNotWritableException: Could not write JSON: Document nesting depth (1001) exceeds the maximum allowed (1000, from `StreamWriteConstraints.getMaxNestingDepth()`)
2025-06-28T11:45:53.954+02:00  WARN 8156 --- [nio-8080-exec-3] .w.s.m.s.DefaultHandlerExceptionResolver : Resolved [org.springframework.http.converter.HttpMessageNotWritableException: Could not write JSON: Document nesting depth (1001) exceeds the maximum allowed (1000, from `StreamWriteConstraints.getMaxNestingDepth()`)]
2025-06-28T13:04:45.653+02:00  INFO 8156 --- [ionShutdownHook] j.LocalContainerEntityManagerFactoryBean : Closing JPA EntityManagerFactory for persistence unit 'default'
2025-06-28T13:04:45.655+02:00  INFO 8156 --- [ionShutdownHook] com.zaxxer.hikari.HikariDataSource       : HikariPool-1 - Shutdown initiated...
2025-06-28T13:04:45.683+02:00  INFO 8156 --- [ionShutdownHook] com.zaxxer.hikari.HikariDataSource       : HikariPool-1 - Shutdown completed.
[INFO] ------------------------------------------------------------------------
[INFO] BUILD FAILURE
[INFO] ------------------------------------------------------------------------
[INFO] Total time:  01:19 h
[INFO] Finished at: 2025-06-28T13:04:45+02:00
[INFO] ------------------------------------------------------------------------
[ERROR] Failed to execute goal org.springframework.boot:spring-boot-maven-plugin:3.3.0:run (default-cli) on project ogame-automation-backend: Process terminated with exit code: 143 -> [Help 1]
[ERROR] 
[ERROR] To see the full stack trace of the errors, re-run Maven with the -e switch.
[ERROR] Re-run Maven using the -X switch to enable full debug logging.
[ERROR] 
[ERROR] For more information about the errors and possible solutions, please read the following articles:
[ERROR] [Help 1] http://cwiki.apache.org/confluence/display/MAVEN/MojoExecutionException
